0 info it worked if it ends with ok
1 verbose cli [ 'C:\\Program Files\\nodejs\\node.exe',
1 verbose cli   'C:\\Program Files\\nodejs\\node_modules\\npm\\bin\\npm-cli.js',
1 verbose cli   'install',
1 verbose cli   '-g',
1 verbose cli   'ios-sim' ]
2 info using npm@2.5.1
3 info using node@v0.12.0
4 silly cache add args [ 'ios-sim', null ]
5 verbose cache add spec ios-sim
6 silly cache add parsed spec { raw: 'ios-sim',
6 silly cache add   scope: null,
6 silly cache add   name: 'ios-sim',
6 silly cache add   rawSpec: '',
6 silly cache add   spec: '*',
6 silly cache add   type: 'range' }
7 verbose addNamed ios-sim@*
8 silly addNamed semver.valid null
9 silly addNamed semver.validRange *
10 silly addNameRange { name: 'ios-sim', range: '*', hasData: false }
11 silly mapToRegistry name ios-sim
12 silly mapToRegistry using default registry
13 silly mapToRegistry registry https://registry.npmjs.org/
14 silly mapToRegistry uri https://registry.npmjs.org/ios-sim
15 verbose addNameRange registry:https://registry.npmjs.org/ios-sim not in flight; fetching
16 verbose request uri https://registry.npmjs.org/ios-sim
17 verbose request no auth needed
18 info attempt registry request try #1 at 15:41:13
19 verbose request id fb80c590f5122cfa
20 http request GET https://registry.npmjs.org/ios-sim
21 http 200 https://registry.npmjs.org/ios-sim
22 silly get cb [ 200,
22 silly get   { date: 'Mon, 16 Feb 2015 06:41:17 GMT',
22 silly get     server: 'CouchDB/1.5.0 (Erlang OTP/R16B03)',
22 silly get     etag: '"5N2I9S5HWR4XHX26339ANL7X5"',
22 silly get     'content-type': 'application/json',
22 silly get     'cache-control': 'max-age=60',
22 silly get     'content-length': '16842',
22 silly get     'accept-ranges': 'bytes',
22 silly get     via: '1.1 varnish',
22 silly get     age: '0',
22 silly get     'x-served-by': 'cache-ty67-TYO',
22 silly get     'x-cache': 'MISS',
22 silly get     'x-cache-hits': '0',
22 silly get     'x-timer': 'S1424068876.857892,VS0,VE190',
22 silly get     vary: 'Accept',
22 silly get     'keep-alive': 'timeout=10, max=50',
22 silly get     connection: 'Keep-Alive' } ]
23 verbose get saving ios-sim to C:\Users\beppu\AppData\Roaming\npm-cache\registry.npmjs.org\ios-sim\.cache.json
24 silly addNameRange number 2 { name: 'ios-sim', range: '*', hasData: true }
25 silly addNameRange versions [ 'ios-sim',
25 silly addNameRange   [ '1.8.0',
25 silly addNameRange     '1.8.1',
25 silly addNameRange     '1.8.2',
25 silly addNameRange     '1.9.0',
25 silly addNameRange     '2.0.0',
25 silly addNameRange     '2.0.1',
25 silly addNameRange     '3.0.0',
25 silly addNameRange     '3.1.0',
25 silly addNameRange     '3.1.1',
25 silly addNameRange     '4.0.0',
25 silly addNameRange     '4.0.1' ] ]
26 verbose addNamed ios-sim@3.1.1
27 silly addNamed semver.valid 3.1.1
28 silly addNamed semver.validRange 3.1.1
29 silly mapToRegistry name ios-sim
30 silly mapToRegistry using default registry
31 silly mapToRegistry registry https://registry.npmjs.org/
32 silly mapToRegistry uri https://registry.npmjs.org/ios-sim
33 verbose addRemoteTarball https://registry.npmjs.org/ios-sim/-/ios-sim-3.1.1.tgz not in flight; adding
34 verbose addRemoteTarball [ 'https://registry.npmjs.org/ios-sim/-/ios-sim-3.1.1.tgz',
34 verbose addRemoteTarball   '1129c3fda31b917ef656b8c53fd276392b51c6e8' ]
35 info retry fetch attempt 1 at 15:41:13
36 info attempt registry request try #1 at 15:41:13
37 http fetch GET https://registry.npmjs.org/ios-sim/-/ios-sim-3.1.1.tgz
38 http fetch 200 https://registry.npmjs.org/ios-sim/-/ios-sim-3.1.1.tgz
39 silly fetchAndShaCheck shasum 1129c3fda31b917ef656b8c53fd276392b51c6e8
40 verbose addTmpTarball C:\cygwin64\tmp\npm-7720-284f4a21\registry.npmjs.org\ios-sim\-\ios-sim-3.1.1.tgz not in flight; adding
41 verbose addTmpTarball already have metadata; skipping unpack for ios-sim@3.1.1
42 silly cache afterAdd ios-sim@3.1.1
43 verbose afterAdd C:\Users\beppu\AppData\Roaming\npm-cache\ios-sim\3.1.1\package\package.json not in flight; writing
44 verbose afterAdd C:\Users\beppu\AppData\Roaming\npm-cache\ios-sim\3.1.1\package\package.json written
45 silly install resolved [ { name: 'ios-sim',
45 silly install resolved     version: '3.1.1',
45 silly install resolved     description: 'launch iOS apps into the iOS Simulator from the command line (Xcode 6.0)',
45 silly install resolved     main: 'ios-sim',
45 silly install resolved     scripts: { preinstall: 'rake build' },
45 silly install resolved     bin: { 'ios-sim': 'build/Release/ios-sim' },
45 silly install resolved     repository: { type: 'git', url: 'https://github.com/phonegap/ios-sim' },
45 silly install resolved     keywords: [ 'ios-sim', 'iOS Simulator' ],
45 silly install resolved     author: { name: 'Landon Fuller, Jeff Haynie, Eloy Duran, Shazron Abdullah' },
45 silly install resolved     license: 'MIT',
45 silly install resolved     gitHead: 'c6ec64397e5fa462f1ea2d4e4fdc123a856618f9',
45 silly install resolved     bugs: { url: 'https://github.com/phonegap/ios-sim/issues' },
45 silly install resolved     homepage: 'https://github.com/phonegap/ios-sim',
45 silly install resolved     _id: 'ios-sim@3.1.1',
45 silly install resolved     _shasum: '1129c3fda31b917ef656b8c53fd276392b51c6e8',
45 silly install resolved     _from: 'ios-sim@*',
45 silly install resolved     _npmVersion: '1.4.14',
45 silly install resolved     _npmUser: { name: 'shazron', email: 'shazron@gmail.com' },
45 silly install resolved     maintainers: [ [Object] ],
45 silly install resolved     dist:
45 silly install resolved      { shasum: '1129c3fda31b917ef656b8c53fd276392b51c6e8',
45 silly install resolved        tarball: 'http://registry.npmjs.org/ios-sim/-/ios-sim-3.1.1.tgz' },
45 silly install resolved     directories: {},
45 silly install resolved     _resolved: 'https://registry.npmjs.org/ios-sim/-/ios-sim-3.1.1.tgz' } ]
46 info install ios-sim@3.1.1 into C:\Users\beppu\AppData\Roaming\npm
47 info installOne ios-sim@3.1.1
48 verbose installOne of ios-sim to C:\Users\beppu\AppData\Roaming\npm not in flight; installing
49 verbose lock using C:\Users\beppu\AppData\Roaming\npm-cache\_locks\ios-sim-a238c9266924f7db.lock for C:\Users\beppu\AppData\Roaming\npm\node_modules\ios-sim
50 silly install write writing ios-sim 3.1.1 to C:\Users\beppu\AppData\Roaming\npm\node_modules\ios-sim
51 silly cache addNamed cb ios-sim@3.1.1
52 verbose unbuild node_modules\ios-sim
53 verbose gentlyRm vacuuming C:\Users\beppu\AppData\Roaming\npm\node_modules\ios-sim
54 verbose tar unpack C:\Users\beppu\AppData\Roaming\npm-cache\ios-sim\3.1.1\package.tgz
55 verbose tar unpacking to C:\Users\beppu\AppData\Roaming\npm\node_modules\ios-sim
56 verbose gentlyRm vacuuming C:\Users\beppu\AppData\Roaming\npm\node_modules\ios-sim
57 silly gunzTarPerm modes [ '777', '666' ]
58 silly gunzTarPerm extractEntry package.json
59 silly gunzTarPerm modified mode [ 'package.json', 420, 438 ]
60 silly gunzTarPerm extractEntry .npmignore
61 silly gunzTarPerm modified mode [ '.npmignore', 420, 438 ]
62 silly gunzTarPerm extractEntry README.md
63 silly gunzTarPerm modified mode [ 'README.md', 420, 438 ]
64 silly gunzTarPerm extractEntry LICENSE
65 silly gunzTarPerm modified mode [ 'LICENSE', 420, 438 ]
66 silly gunzTarPerm extractEntry resources/buildbox/build.sh
67 silly gunzTarPerm modified mode [ 'resources/buildbox/build.sh', 493, 511 ]
68 silly gunzTarPerm extractEntry CoreSimulator/CoreSimulator.h
69 silly gunzTarPerm modified mode [ 'CoreSimulator/CoreSimulator.h', 420, 438 ]
70 silly gunzTarPerm extractEntry CONTRIBUTING.md
71 silly gunzTarPerm modified mode [ 'CONTRIBUTING.md', 420, 438 ]
72 silly gunzTarPerm extractEntry Rakefile
73 silly gunzTarPerm modified mode [ 'Rakefile', 420, 438 ]
74 silly gunzTarPerm extractEntry Source/.npmignore
75 silly gunzTarPerm modified mode [ 'Source/.npmignore', 420, 438 ]
76 silly gunzTarPerm extractEntry Source/NSString+expandPath.h
77 silly gunzTarPerm modified mode [ 'Source/NSString+expandPath.h', 420, 438 ]
78 silly gunzTarPerm extractEntry Source/NSString+expandPath.m
79 silly gunzTarPerm modified mode [ 'Source/NSString+expandPath.m', 420, 438 ]
80 silly gunzTarPerm extractEntry Source/iPhoneSimulator.h
81 silly gunzTarPerm modified mode [ 'Source/iPhoneSimulator.h', 420, 438 ]
82 silly gunzTarPerm extractEntry Source/iPhoneSimulator.m
83 silly gunzTarPerm modified mode [ 'Source/iPhoneSimulator.m', 493, 511 ]
84 silly gunzTarPerm extractEntry Source/main.m
85 silly gunzTarPerm modified mode [ 'Source/main.m', 420, 438 ]
86 silly gunzTarPerm extractEntry Source/nsprintf.h
87 silly gunzTarPerm modified mode [ 'Source/nsprintf.h', 420, 438 ]
88 silly gunzTarPerm extractEntry Source/nsprintf.m
89 silly gunzTarPerm modified mode [ 'Source/nsprintf.m', 420, 438 ]
90 silly gunzTarPerm extractEntry Source/version.h
91 silly gunzTarPerm modified mode [ 'Source/version.h', 420, 438 ]
92 silly gunzTarPerm extractEntry ios-sim.xcodeproj/.npmignore
93 silly gunzTarPerm modified mode [ 'ios-sim.xcodeproj/.npmignore', 420, 438 ]
94 silly gunzTarPerm extractEntry ios-sim.xcodeproj/project.pbxproj
95 silly gunzTarPerm modified mode [ 'ios-sim.xcodeproj/project.pbxproj', 420, 438 ]
96 silly gunzTarPerm extractEntry ios-sim.xcodeproj/xcshareddata/xcschemes/ios-sim.xcscheme
97 silly gunzTarPerm modified mode [ 'ios-sim.xcodeproj/xcshareddata/xcschemes/ios-sim.xcscheme',
97 silly gunzTarPerm   420,
97 silly gunzTarPerm   438 ]
98 silly gunzTarPerm extractEntry ios-sim_Prefix.pch
99 silly gunzTarPerm modified mode [ 'ios-sim_Prefix.pch', 420, 438 ]
100 silly gunzTarPerm extractEntry DVTiPhoneSimulatorRemoteClient/DVTiPhoneSimulatorRemoteClient.h
101 silly gunzTarPerm modified mode [ 'DVTiPhoneSimulatorRemoteClient/DVTiPhoneSimulatorRemoteClient.h',
101 silly gunzTarPerm   420,
101 silly gunzTarPerm   438 ]
102 silly gunzTarPerm extractEntry README.template.md
103 silly gunzTarPerm modified mode [ 'README.template.md', 420, 438 ]
104 info preinstall ios-sim@3.1.1
105 verbose unsafe-perm in lifecycle true
106 info ios-sim@3.1.1 Failed to exec preinstall script
107 verbose unlock done using C:\Users\beppu\AppData\Roaming\npm-cache\_locks\ios-sim-a238c9266924f7db.lock for C:\Users\beppu\AppData\Roaming\npm\node_modules\ios-sim
108 verbose stack Error: ios-sim@3.1.1 preinstall: `rake build`
108 verbose stack Exit status 1
108 verbose stack     at EventEmitter.<anonymous> (C:\Program Files\nodejs\node_modules\npm\lib\utils\lifecycle.js:213:16)
108 verbose stack     at EventEmitter.emit (events.js:110:17)
108 verbose stack     at ChildProcess.<anonymous> (C:\Program Files\nodejs\node_modules\npm\lib\utils\spawn.js:14:12)
108 verbose stack     at ChildProcess.emit (events.js:110:17)
108 verbose stack     at maybeClose (child_process.js:1008:16)
108 verbose stack     at Process.ChildProcess._handle.onexit (child_process.js:1080:5)
109 verbose pkgid ios-sim@3.1.1
110 verbose cwd C:\Users\beppu\Desktop\PBL\PBL2\ionicProjects\wikipedia
111 error Windows_NT 6.3.9600
112 error argv "C:\\Program Files\\nodejs\\node.exe" "C:\\Program Files\\nodejs\\node_modules\\npm\\bin\\npm-cli.js" "install" "-g" "ios-sim"
113 error node v0.12.0
114 error npm  v2.5.1
115 error code ELIFECYCLE
116 error ios-sim@3.1.1 preinstall: `rake build`
116 error Exit status 1
117 error Failed at the ios-sim@3.1.1 preinstall script 'rake build'.
117 error This is most likely a problem with the ios-sim package,
117 error not with npm itself.
117 error Tell the author that this fails on your system:
117 error     rake build
117 error You can get their info via:
117 error     npm owner ls ios-sim
117 error There is likely additional logging output above.
118 verbose exit [ 1, true ]
119 verbose unbuild node_modules\ios-sim
120 info preuninstall ios-sim@3.1.1
121 info uninstall ios-sim@3.1.1
122 verbose unbuild rmStuff ios-sim@3.1.1 from C:\Users\beppu\AppData\Roaming\npm\node_modules
123 verbose gentlyRm verifying that C:\Users\beppu\AppData\Roaming\npm is managed by npm
124 silly isManaged C:\Users\beppu\AppData\Roaming\npm is not inside C:\Users\beppu\AppData\Roaming\npm\node_modules
125 silly isManaged C:\Users\beppu\AppData\Roaming\npm is not inside C:\Users\beppu\AppData\Roaming\npm\node_modules
126 silly isManaged C:\Users\beppu\AppData\Roaming\npm is inside C:\Users\beppu\AppData\Roaming\npm
127 silly gentlyRm C:\Users\beppu\AppData\Roaming\npm is managed by npm
128 silly gentlyRm C:\Users\beppu\AppData\Roaming\npm\ios-sim.cmd is under C:\Users\beppu\AppData\Roaming\npm
129 verbose gentlyRm vacuuming C:\Users\beppu\AppData\Roaming\npm\ios-sim.cmd up to C:\Users\beppu\AppData\Roaming\npm
130 verbose gentlyRm verifying that C:\Users\beppu\AppData\Roaming\npm is managed by npm
131 silly isManaged C:\Users\beppu\AppData\Roaming\npm is not inside C:\Users\beppu\AppData\Roaming\npm\node_modules
132 silly isManaged C:\Users\beppu\AppData\Roaming\npm is not inside C:\Users\beppu\AppData\Roaming\npm\node_modules
133 silly isManaged C:\Users\beppu\AppData\Roaming\npm is inside C:\Users\beppu\AppData\Roaming\npm
134 silly gentlyRm C:\Users\beppu\AppData\Roaming\npm is managed by npm
135 silly gentlyRm C:\Users\beppu\AppData\Roaming\npm\ios-sim is under C:\Users\beppu\AppData\Roaming\npm
136 verbose gentlyRm vacuuming C:\Users\beppu\AppData\Roaming\npm\ios-sim up to C:\Users\beppu\AppData\Roaming\npm
137 info postuninstall ios-sim@3.1.1
138 verbose gentlyRm vacuuming C:\Users\beppu\AppData\Roaming\npm\node_modules\ios-sim
139 silly gentlyRm purging C:\Users\beppu\AppData\Roaming\npm\node_modules\ios-sim
140 silly gentlyRm quitting because other entries in C:\Users\beppu\AppData\Roaming\npm\node_modules
